running develop
/usr/lib/python3/dist-packages/setuptools/command/easy_install.py:158: EasyInstallDeprecationWarning: easy_install command is deprecated. Use build and pip and other standards-based tools.
  warnings.warn(
/usr/lib/python3/dist-packages/setuptools/command/install.py:34: SetuptoolsDeprecationWarning: setup.py install is deprecated. Use build and pip and other standards-based tools.
  warnings.warn(
Removing /home/florin/ros2_ws2/install/pkg_1/lib/python3.10/site-packages/pkg-1.egg-link (link to .)
running egg_info
writing ../../build/pkg_1/pkg_1.egg-info/PKG-INFO
writing dependency_links to ../../build/pkg_1/pkg_1.egg-info/dependency_links.txt
writing entry points to ../../build/pkg_1/pkg_1.egg-info/entry_points.txt
writing requirements to ../../build/pkg_1/pkg_1.egg-info/requires.txt
writing top-level names to ../../build/pkg_1/pkg_1.egg-info/top_level.txt
reading manifest file '../../build/pkg_1/pkg_1.egg-info/SOURCES.txt'
writing manifest file '../../build/pkg_1/pkg_1.egg-info/SOURCES.txt'
running build
running build_py
creating /home/florin/ros2_ws2/build/pkg_1/build
creating /home/florin/ros2_ws2/build/pkg_1/build/lib
creating /home/florin/ros2_ws2/build/pkg_1/build/lib/pkg_1
copying pkg_1/__init__.py -> /home/florin/ros2_ws2/build/pkg_1/build/lib/pkg_1
running install
/usr/lib/python3/dist-packages/setuptools/command/install.py:34: SetuptoolsDeprecationWarning: setup.py install is deprecated. Use build and pip and other standards-based tools.
  warnings.warn(
running install_lib
creating /home/florin/ros2_ws2/install/pkg_1/lib/python3.10/site-packages/pkg_1
copying /home/florin/ros2_ws2/build/pkg_1/build/lib/pkg_1/__init__.py -> /home/florin/ros2_ws2/install/pkg_1/lib/python3.10/site-packages/pkg_1
byte-compiling /home/florin/ros2_ws2/install/pkg_1/lib/python3.10/site-packages/pkg_1/__init__.py to __init__.cpython-310.pyc
running install_data
running install_egg_info
Copying ../../build/pkg_1/pkg_1.egg-info to /home/florin/ros2_ws2/install/pkg_1/lib/python3.10/site-packages/pkg_1-0.0.0-py3.10.egg-info
running install_scripts
writing list of installed files to '/home/florin/ros2_ws2/build/pkg_1/install.log'
