[1.394s] Invoking command in '/home/florin/ros2_ws2/build/pkg_1': PYTHONPATH=/home/florin/ros2_ws2/build/pkg_1/prefix_override:/home/florin/ros2_ws2/install/pkg_1/lib/python3.10/site-packages:${PYTHONPATH} /usr/bin/python3 setup.py develop --uninstall --editable --build-directory /home/florin/ros2_ws2/build/pkg_1/build
[1.872s] running develop
[1.872s] /usr/lib/python3/dist-packages/setuptools/command/easy_install.py:158: EasyInstallDeprecationWarning: easy_install command is deprecated. Use build and pip and other standards-based tools.
[1.873s]   warnings.warn(
[1.875s] /usr/lib/python3/dist-packages/setuptools/command/install.py:34: SetuptoolsDeprecationWarning: setup.py install is deprecated. Use build and pip and other standards-based tools.
[1.875s]   warnings.warn(
[2.188s] Removing /home/florin/ros2_ws2/install/pkg_1/lib/python3.10/site-packages/pkg-1.egg-link (link to .)
[2.227s] Invoked command in '/home/florin/ros2_ws2/build/pkg_1' returned '0': PYTHONPATH=/home/florin/ros2_ws2/build/pkg_1/prefix_override:/home/florin/ros2_ws2/install/pkg_1/lib/python3.10/site-packages:${PYTHONPATH} /usr/bin/python3 setup.py develop --uninstall --editable --build-directory /home/florin/ros2_ws2/build/pkg_1/build
[2.230s] Invoking command in '/home/florin/ros2_ws2/src/pkg_1': PYTHONPATH=/home/florin/ros2_ws2/build/pkg_1/prefix_override:/home/florin/ros2_ws2/install/pkg_1/lib/python3.10/site-packages:${PYTHONPATH} /usr/bin/python3 setup.py egg_info --egg-base ../../build/pkg_1 build --build-base /home/florin/ros2_ws2/build/pkg_1/build install --record /home/florin/ros2_ws2/build/pkg_1/install.log --single-version-externally-managed
[2.700s] running egg_info
[2.701s] writing ../../build/pkg_1/pkg_1.egg-info/PKG-INFO
[2.701s] writing dependency_links to ../../build/pkg_1/pkg_1.egg-info/dependency_links.txt
[2.702s] writing entry points to ../../build/pkg_1/pkg_1.egg-info/entry_points.txt
[2.702s] writing requirements to ../../build/pkg_1/pkg_1.egg-info/requires.txt
[2.702s] writing top-level names to ../../build/pkg_1/pkg_1.egg-info/top_level.txt
[2.705s] reading manifest file '../../build/pkg_1/pkg_1.egg-info/SOURCES.txt'
[2.706s] writing manifest file '../../build/pkg_1/pkg_1.egg-info/SOURCES.txt'
[2.707s] running build
[2.707s] running build_py
[2.707s] creating /home/florin/ros2_ws2/build/pkg_1/build
[2.707s] creating /home/florin/ros2_ws2/build/pkg_1/build/lib
[2.707s] creating /home/florin/ros2_ws2/build/pkg_1/build/lib/pkg_1
[2.707s] copying pkg_1/__init__.py -> /home/florin/ros2_ws2/build/pkg_1/build/lib/pkg_1
[2.708s] running install
[2.708s] /usr/lib/python3/dist-packages/setuptools/command/install.py:34: SetuptoolsDeprecationWarning: setup.py install is deprecated. Use build and pip and other standards-based tools.
[2.708s]   warnings.warn(
[2.708s] running install_lib
[2.709s] creating /home/florin/ros2_ws2/install/pkg_1/lib/python3.10/site-packages/pkg_1
[2.709s] copying /home/florin/ros2_ws2/build/pkg_1/build/lib/pkg_1/__init__.py -> /home/florin/ros2_ws2/install/pkg_1/lib/python3.10/site-packages/pkg_1
[2.710s] byte-compiling /home/florin/ros2_ws2/install/pkg_1/lib/python3.10/site-packages/pkg_1/__init__.py to __init__.cpython-310.pyc
[2.710s] running install_data
[2.711s] running install_egg_info
[2.714s] Copying ../../build/pkg_1/pkg_1.egg-info to /home/florin/ros2_ws2/install/pkg_1/lib/python3.10/site-packages/pkg_1-0.0.0-py3.10.egg-info
[2.716s] running install_scripts
[2.749s] writing list of installed files to '/home/florin/ros2_ws2/build/pkg_1/install.log'
[2.779s] Invoked command in '/home/florin/ros2_ws2/src/pkg_1' returned '0': PYTHONPATH=/home/florin/ros2_ws2/build/pkg_1/prefix_override:/home/florin/ros2_ws2/install/pkg_1/lib/python3.10/site-packages:${PYTHONPATH} /usr/bin/python3 setup.py egg_info --egg-base ../../build/pkg_1 build --build-base /home/florin/ros2_ws2/build/pkg_1/build install --record /home/florin/ros2_ws2/build/pkg_1/install.log --single-version-externally-managed
