running egg_info
writing ../../build/pkg_1/pkg_1.egg-info/PKG-INFO
writing dependency_links to ../../build/pkg_1/pkg_1.egg-info/dependency_links.txt
writing entry points to ../../build/pkg_1/pkg_1.egg-info/entry_points.txt
writing requirements to ../../build/pkg_1/pkg_1.egg-info/requires.txt
writing top-level names to ../../build/pkg_1/pkg_1.egg-info/top_level.txt
reading manifest file '../../build/pkg_1/pkg_1.egg-info/SOURCES.txt'
writing manifest file '../../build/pkg_1/pkg_1.egg-info/SOURCES.txt'
running build
running build_py
running install
/usr/lib/python3/dist-packages/setuptools/command/install.py:34: SetuptoolsDeprecationWarning: setup.py install is deprecated. Use build and pip and other standards-based tools.
  warnings.warn(
running install_lib
running install_data
copying package.xml -> /home/florin/ros2_ws2/install/pkg_1/share/pkg_1
running install_egg_info
removing '/home/florin/ros2_ws2/install/pkg_1/lib/python3.10/site-packages/pkg_1-0.0.0-py3.10.egg-info' (and everything under it)
Copying ../../build/pkg_1/pkg_1.egg-info to /home/florin/ros2_ws2/install/pkg_1/lib/python3.10/site-packages/pkg_1-0.0.0-py3.10.egg-info
running install_scripts
writing list of installed files to '/home/florin/ros2_ws2/build/pkg_1/install.log'
