[1.397s] Invoking command in '/home/florin/ros2_ws2/src/pkg_1': PYTHONPATH=/home/florin/ros2_ws2/build/pkg_1/prefix_override:/home/florin/ros2_ws2/install/pkg_1/lib/python3.10/site-packages:${PYTHONPATH} /usr/bin/python3 setup.py egg_info --egg-base ../../build/pkg_1 build --build-base /home/florin/ros2_ws2/build/pkg_1/build install --record /home/florin/ros2_ws2/build/pkg_1/install.log --single-version-externally-managed
[1.793s] running egg_info
[1.794s] writing ../../build/pkg_1/pkg_1.egg-info/PKG-INFO
[1.794s] writing dependency_links to ../../build/pkg_1/pkg_1.egg-info/dependency_links.txt
[1.794s] writing entry points to ../../build/pkg_1/pkg_1.egg-info/entry_points.txt
[1.794s] writing requirements to ../../build/pkg_1/pkg_1.egg-info/requires.txt
[1.794s] writing top-level names to ../../build/pkg_1/pkg_1.egg-info/top_level.txt
[1.797s] reading manifest file '../../build/pkg_1/pkg_1.egg-info/SOURCES.txt'
[1.798s] writing manifest file '../../build/pkg_1/pkg_1.egg-info/SOURCES.txt'
[1.799s] running build
[1.799s] running build_py
[1.799s] running install
[1.799s] /usr/lib/python3/dist-packages/setuptools/command/install.py:34: SetuptoolsDeprecationWarning: setup.py install is deprecated. Use build and pip and other standards-based tools.
[1.799s]   warnings.warn(
[1.800s] running install_lib
[1.802s] running install_data
[1.803s] copying package.xml -> /home/florin/ros2_ws2/install/pkg_1/share/pkg_1
[1.803s] running install_egg_info
[1.806s] removing '/home/florin/ros2_ws2/install/pkg_1/lib/python3.10/site-packages/pkg_1-0.0.0-py3.10.egg-info' (and everything under it)
[1.806s] Copying ../../build/pkg_1/pkg_1.egg-info to /home/florin/ros2_ws2/install/pkg_1/lib/python3.10/site-packages/pkg_1-0.0.0-py3.10.egg-info
[1.808s] running install_scripts
[1.840s] writing list of installed files to '/home/florin/ros2_ws2/build/pkg_1/install.log'
[1.872s] Invoked command in '/home/florin/ros2_ws2/src/pkg_1' returned '0': PYTHONPATH=/home/florin/ros2_ws2/build/pkg_1/prefix_override:/home/florin/ros2_ws2/install/pkg_1/lib/python3.10/site-packages:${PYTHONPATH} /usr/bin/python3 setup.py egg_info --egg-base ../../build/pkg_1 build --build-base /home/florin/ros2_ws2/build/pkg_1/build install --record /home/florin/ros2_ws2/build/pkg_1/install.log --single-version-externally-managed
