[1.750s] DEBUG:colcon:Command line arguments: ['/usr/bin/colcon', 'build', '--symlink-install']
[1.750s] DEBUG:colcon:Parsed command line arguments: Namespace(log_base=None, log_level=None, verb_name='build', build_base='build', install_base='install', merge_install=False, symlink_install=True, test_result_base=None, continue_on_error=False, executor='parallel', parallel_workers=4, event_handlers=None, ignore_user_meta=False, metas=['./colcon.meta'], base_paths=['.'], packages_ignore=None, packages_ignore_regex=None, paths=None, packages_up_to=None, packages_up_to_regex=None, packages_above=None, packages_above_and_dependencies=None, packages_above_depth=None, packages_select_by_dep=None, packages_skip_by_dep=None, packages_skip_up_to=None, packages_select_build_failed=False, packages_skip_build_finished=False, packages_select_test_failures=False, packages_skip_test_passed=False, packages_select=None, packages_skip=None, packages_select_regex=None, packages_skip_regex=None, packages_start=None, packages_end=None, allow_overriding=[], cmake_args=None, cmake_target=None, cmake_target_skip_unavailable=False, cmake_clean_cache=False, cmake_clean_first=False, cmake_force_configure=False, ament_cmake_args=None, catkin_cmake_args=None, catkin_skip_building_tests=False, verb_parser=<colcon_defaults.argument_parser.defaults.DefaultArgumentsDecorator object at 0x7f2edba7a8c0>, verb_extension=<colcon_core.verb.build.BuildVerb object at 0x7f2edbeecf40>, main=<bound method BuildVerb.main of <colcon_core.verb.build.BuildVerb object at 0x7f2edbeecf40>>)
[1.825s] Level 1:colcon.colcon_core.package_discovery:discover_packages(colcon_meta) check parameters
[1.825s] Level 1:colcon.colcon_core.package_discovery:discover_packages(recursive) check parameters
[1.825s] Level 1:colcon.colcon_core.package_discovery:discover_packages(ignore) check parameters
[1.825s] Level 1:colcon.colcon_core.package_discovery:discover_packages(path) check parameters
[1.825s] Level 1:colcon.colcon_core.package_discovery:discover_packages(colcon_meta) discover
[1.826s] Level 1:colcon.colcon_core.package_discovery:discover_packages(recursive) discover
[1.826s] INFO:colcon.colcon_core.package_discovery:Crawling recursively for packages in '/home/florin/ros2_ws2'
[1.826s] Level 1:colcon.colcon_core.package_identification:_identify(.) by extensions ['ignore', 'ignore_ament_install']
[1.826s] Level 1:colcon.colcon_core.package_identification:_identify(.) by extension 'ignore'
[1.826s] Level 1:colcon.colcon_core.package_identification:_identify(.) by extension 'ignore_ament_install'
[1.826s] Level 1:colcon.colcon_core.package_identification:_identify(.) by extensions ['colcon_pkg']
[1.826s] Level 1:colcon.colcon_core.package_identification:_identify(.) by extension 'colcon_pkg'
[1.826s] Level 1:colcon.colcon_core.package_identification:_identify(.) by extensions ['colcon_meta']
[1.826s] Level 1:colcon.colcon_core.package_identification:_identify(.) by extension 'colcon_meta'
[1.827s] Level 1:colcon.colcon_core.package_identification:_identify(.) by extensions ['ros']
[1.827s] Level 1:colcon.colcon_core.package_identification:_identify(.) by extension 'ros'
[1.841s] Level 1:colcon.colcon_core.package_identification:_identify(.) by extensions ['cmake', 'python']
[1.841s] Level 1:colcon.colcon_core.package_identification:_identify(.) by extension 'cmake'
[1.842s] Level 1:colcon.colcon_core.package_identification:_identify(.) by extension 'python'
[1.842s] Level 1:colcon.colcon_core.package_identification:_identify(.) by extensions ['python_setup_py']
[1.842s] Level 1:colcon.colcon_core.package_identification:_identify(.) by extension 'python_setup_py'
[1.842s] Level 1:colcon.colcon_core.package_identification:_identify(build) by extensions ['ignore', 'ignore_ament_install']
[1.842s] Level 1:colcon.colcon_core.package_identification:_identify(build) by extension 'ignore'
[1.842s] Level 1:colcon.colcon_core.package_identification:_identify(build) ignored
[1.842s] Level 1:colcon.colcon_core.package_identification:_identify(install) by extensions ['ignore', 'ignore_ament_install']
[1.843s] Level 1:colcon.colcon_core.package_identification:_identify(install) by extension 'ignore'
[1.843s] Level 1:colcon.colcon_core.package_identification:_identify(install) ignored
[1.843s] Level 1:colcon.colcon_core.package_identification:_identify(log) by extensions ['ignore', 'ignore_ament_install']
[1.843s] Level 1:colcon.colcon_core.package_identification:_identify(log) by extension 'ignore'
[1.843s] Level 1:colcon.colcon_core.package_identification:_identify(log) ignored
[1.843s] Level 1:colcon.colcon_core.package_identification:_identify(src) by extensions ['ignore', 'ignore_ament_install']
[1.843s] Level 1:colcon.colcon_core.package_identification:_identify(src) by extension 'ignore'
[1.844s] Level 1:colcon.colcon_core.package_identification:_identify(src) by extension 'ignore_ament_install'
[1.844s] Level 1:colcon.colcon_core.package_identification:_identify(src) by extensions ['colcon_pkg']
[1.844s] Level 1:colcon.colcon_core.package_identification:_identify(src) by extension 'colcon_pkg'
[1.844s] Level 1:colcon.colcon_core.package_identification:_identify(src) by extensions ['colcon_meta']
[1.844s] Level 1:colcon.colcon_core.package_identification:_identify(src) by extension 'colcon_meta'
[1.844s] Level 1:colcon.colcon_core.package_identification:_identify(src) by extensions ['ros']
[1.844s] Level 1:colcon.colcon_core.package_identification:_identify(src) by extension 'ros'
[1.844s] Level 1:colcon.colcon_core.package_identification:_identify(src) by extensions ['cmake', 'python']
[1.844s] Level 1:colcon.colcon_core.package_identification:_identify(src) by extension 'cmake'
[1.844s] Level 1:colcon.colcon_core.package_identification:_identify(src) by extension 'python'
[1.844s] Level 1:colcon.colcon_core.package_identification:_identify(src) by extensions ['python_setup_py']
[1.844s] Level 1:colcon.colcon_core.package_identification:_identify(src) by extension 'python_setup_py'
[1.845s] Level 1:colcon.colcon_core.package_identification:_identify(src/pkg_1) by extensions ['ignore', 'ignore_ament_install']
[1.845s] Level 1:colcon.colcon_core.package_identification:_identify(src/pkg_1) by extension 'ignore'
[1.845s] Level 1:colcon.colcon_core.package_identification:_identify(src/pkg_1) by extension 'ignore_ament_install'
[1.845s] Level 1:colcon.colcon_core.package_identification:_identify(src/pkg_1) by extensions ['colcon_pkg']
[1.845s] Level 1:colcon.colcon_core.package_identification:_identify(src/pkg_1) by extension 'colcon_pkg'
[1.845s] Level 1:colcon.colcon_core.package_identification:_identify(src/pkg_1) by extensions ['colcon_meta']
[1.845s] Level 1:colcon.colcon_core.package_identification:_identify(src/pkg_1) by extension 'colcon_meta'
[1.845s] Level 1:colcon.colcon_core.package_identification:_identify(src/pkg_1) by extensions ['ros']
[1.845s] Level 1:colcon.colcon_core.package_identification:_identify(src/pkg_1) by extension 'ros'
[1.848s] DEBUG:colcon.colcon_core.package_identification:Package 'src/pkg_1' with type 'ros.ament_python' and name 'pkg_1'
[1.848s] Level 1:colcon.colcon_core.package_discovery:discover_packages(recursive) using defaults
[1.848s] Level 1:colcon.colcon_core.package_discovery:discover_packages(ignore) discover
[1.849s] Level 1:colcon.colcon_core.package_discovery:discover_packages(ignore) using defaults
[1.849s] Level 1:colcon.colcon_core.package_discovery:discover_packages(path) discover
[1.849s] Level 1:colcon.colcon_core.package_discovery:discover_packages(path) using defaults
[2.014s] Level 1:colcon.colcon_core.package_discovery:discover_packages(prefix_path) check parameters
[2.014s] Level 1:colcon.colcon_core.package_discovery:discover_packages(prefix_path) discover
[2.069s] DEBUG:colcon.colcon_installed_package_information.package_discovery:Found 0 installed packages in /home/florin/ros2_ws2/install
[2.095s] DEBUG:colcon.colcon_installed_package_information.package_discovery:Found 3 installed packages in /home/florin/my_ros2_ws/install
[2.121s] DEBUG:colcon.colcon_installed_package_information.package_discovery:Found 0 installed packages in /home/florin/my_ros2_ws/src/install
[2.148s] DEBUG:colcon.colcon_installed_package_information.package_discovery:Found 292 installed packages in /opt/ros/iron
[2.150s] Level 1:colcon.colcon_core.package_discovery:discover_packages(prefix_path) using defaults
[2.293s] Level 5:colcon.colcon_core.verb:set package 'pkg_1' build argument 'cmake_args' from command line to 'None'
[2.293s] Level 5:colcon.colcon_core.verb:set package 'pkg_1' build argument 'cmake_target' from command line to 'None'
[2.293s] Level 5:colcon.colcon_core.verb:set package 'pkg_1' build argument 'cmake_target_skip_unavailable' from command line to 'False'
[2.293s] Level 5:colcon.colcon_core.verb:set package 'pkg_1' build argument 'cmake_clean_cache' from command line to 'False'
[2.293s] Level 5:colcon.colcon_core.verb:set package 'pkg_1' build argument 'cmake_clean_first' from command line to 'False'
[2.293s] Level 5:colcon.colcon_core.verb:set package 'pkg_1' build argument 'cmake_force_configure' from command line to 'False'
[2.293s] Level 5:colcon.colcon_core.verb:set package 'pkg_1' build argument 'ament_cmake_args' from command line to 'None'
[2.293s] Level 5:colcon.colcon_core.verb:set package 'pkg_1' build argument 'catkin_cmake_args' from command line to 'None'
[2.293s] Level 5:colcon.colcon_core.verb:set package 'pkg_1' build argument 'catkin_skip_building_tests' from command line to 'False'
[2.293s] DEBUG:colcon.colcon_core.verb:Building package 'pkg_1' with the following arguments: {'ament_cmake_args': None, 'build_base': '/home/florin/ros2_ws2/build/pkg_1', 'catkin_cmake_args': None, 'catkin_skip_building_tests': False, 'cmake_args': None, 'cmake_clean_cache': False, 'cmake_clean_first': False, 'cmake_force_configure': False, 'cmake_target': None, 'cmake_target_skip_unavailable': False, 'install_base': '/home/florin/ros2_ws2/install/pkg_1', 'merge_install': False, 'path': '/home/florin/ros2_ws2/src/pkg_1', 'symlink_install': True, 'test_result_base': None}
[2.318s] INFO:colcon.colcon_core.executor:Executing jobs using 'parallel' executor
[2.361s] DEBUG:colcon.colcon_parallel_executor.executor.parallel:run_until_complete
[2.362s] INFO:colcon.colcon_ros.task.ament_python.build:Building ROS package in '/home/florin/ros2_ws2/src/pkg_1' with build type 'ament_python'
[2.362s] Level 1:colcon.colcon_core.shell:create_environment_hook('pkg_1', 'ament_prefix_path')
[2.412s] INFO:colcon.colcon_core.plugin_system:Skipping extension 'colcon_core.shell.bat': Not used on non-Windows systems
[2.413s] INFO:colcon.colcon_core.shell:Creating environment hook '/home/florin/ros2_ws2/install/pkg_1/share/pkg_1/hook/ament_prefix_path.ps1'
[2.414s] INFO:colcon.colcon_core.shell:Creating environment descriptor '/home/florin/ros2_ws2/install/pkg_1/share/pkg_1/hook/ament_prefix_path.dsv'
[2.415s] INFO:colcon.colcon_core.shell:Creating environment hook '/home/florin/ros2_ws2/install/pkg_1/share/pkg_1/hook/ament_prefix_path.sh'
[2.467s] INFO:colcon.colcon_core.shell:Skip shell extension 'powershell' for command environment: Not usable outside of PowerShell
[2.467s] DEBUG:colcon.colcon_core.shell:Skip shell extension 'dsv' for command environment
[3.130s] INFO:colcon.colcon_core.task.python.build:Building Python package in '/home/florin/ros2_ws2/src/pkg_1'
[3.160s] INFO:colcon.colcon_core.shell:Skip shell extension 'powershell' for command environment: Not usable outside of PowerShell
[3.160s] DEBUG:colcon.colcon_core.shell:Skip shell extension 'dsv' for command environment
[3.859s] DEBUG:colcon.colcon_core.event_handler.log_command:Invoking command in '/home/florin/ros2_ws2/build/pkg_1': PYTHONPATH=/home/florin/ros2_ws2/build/pkg_1/prefix_override:/home/florin/ros2_ws2/install/pkg_1/lib/python3.10/site-packages:${PYTHONPATH} /usr/bin/python3 setup.py develop --editable --build-directory /home/florin/ros2_ws2/build/pkg_1/build --no-deps install_data
[4.669s] Level 1:colcon.colcon_core.shell:create_environment_hook('pkg_1', 'pythonpath_develop')
[4.670s] DEBUG:colcon.colcon_core.event_handler.log_command:Invoked command in '/home/florin/ros2_ws2/build/pkg_1' returned '0': PYTHONPATH=/home/florin/ros2_ws2/build/pkg_1/prefix_override:/home/florin/ros2_ws2/install/pkg_1/lib/python3.10/site-packages:${PYTHONPATH} /usr/bin/python3 setup.py develop --editable --build-directory /home/florin/ros2_ws2/build/pkg_1/build --no-deps install_data
[4.703s] INFO:colcon.colcon_core.shell:Creating environment hook '/home/florin/ros2_ws2/build/pkg_1/share/pkg_1/hook/pythonpath_develop.ps1'
[4.704s] INFO:colcon.colcon_core.shell:Creating environment descriptor '/home/florin/ros2_ws2/build/pkg_1/share/pkg_1/hook/pythonpath_develop.dsv'
[4.705s] INFO:colcon.colcon_core.shell:Creating environment hook '/home/florin/ros2_ws2/build/pkg_1/share/pkg_1/hook/pythonpath_develop.sh'
[4.735s] Level 1:colcon.colcon_core.environment:checking '/home/florin/ros2_ws2/install/pkg_1' for CMake module files
[4.735s] Level 1:colcon.colcon_core.environment:checking '/home/florin/ros2_ws2/install/pkg_1' for CMake config files
[4.736s] Level 1:colcon.colcon_core.environment:checking '/home/florin/ros2_ws2/install/pkg_1/lib'
[4.736s] Level 1:colcon.colcon_core.environment:checking '/home/florin/ros2_ws2/install/pkg_1/bin'
[4.736s] Level 1:colcon.colcon_core.environment:checking '/home/florin/ros2_ws2/install/pkg_1/lib/pkgconfig/pkg_1.pc'
[4.737s] Level 1:colcon.colcon_core.environment:checking '/home/florin/ros2_ws2/install/pkg_1/lib/python3.10/site-packages'
[4.737s] Level 1:colcon.colcon_core.shell:create_environment_hook('pkg_1', 'pythonpath')
[4.762s] INFO:colcon.colcon_core.shell:Creating environment hook '/home/florin/ros2_ws2/install/pkg_1/share/pkg_1/hook/pythonpath.ps1'
[4.763s] INFO:colcon.colcon_core.shell:Creating environment descriptor '/home/florin/ros2_ws2/install/pkg_1/share/pkg_1/hook/pythonpath.dsv'
[4.763s] INFO:colcon.colcon_core.shell:Creating environment hook '/home/florin/ros2_ws2/install/pkg_1/share/pkg_1/hook/pythonpath.sh'
[4.764s] Level 1:colcon.colcon_core.environment:checking '/home/florin/ros2_ws2/install/pkg_1/bin'
[4.764s] Level 1:colcon.colcon_core.environment:create_environment_scripts_only(pkg_1)
[4.800s] INFO:colcon.colcon_core.shell:Creating package script '/home/florin/ros2_ws2/install/pkg_1/share/pkg_1/package.ps1'
[4.801s] INFO:colcon.colcon_core.shell:Creating package descriptor '/home/florin/ros2_ws2/install/pkg_1/share/pkg_1/package.dsv'
[4.802s] INFO:colcon.colcon_core.shell:Creating package script '/home/florin/ros2_ws2/install/pkg_1/share/pkg_1/package.sh'
[4.804s] INFO:colcon.colcon_core.shell:Creating package script '/home/florin/ros2_ws2/install/pkg_1/share/pkg_1/package.bash'
[4.806s] INFO:colcon.colcon_core.shell:Creating package script '/home/florin/ros2_ws2/install/pkg_1/share/pkg_1/package.zsh'
[4.807s] Level 1:colcon.colcon_core.environment:create_file_with_runtime_dependencies(/home/florin/ros2_ws2/install/pkg_1/share/colcon-core/packages/pkg_1)
[4.808s] DEBUG:colcon.colcon_parallel_executor.executor.parallel:closing loop
[4.808s] DEBUG:colcon.colcon_parallel_executor.executor.parallel:loop closed
[4.809s] DEBUG:colcon.colcon_parallel_executor.executor.parallel:run_until_complete finished with '0'
[4.809s] DEBUG:colcon.colcon_core.event_reactor:joining thread
[4.856s] INFO:colcon.colcon_core.plugin_system:Skipping extension 'colcon_notification.desktop_notification.terminal_notifier': Not used on non-Darwin systems
[4.856s] INFO:colcon.colcon_core.plugin_system:Skipping extension 'colcon_notification.desktop_notification.win32': Not used on non-Windows systems
[4.856s] INFO:colcon.colcon_notification.desktop_notification:Sending desktop notification using 'notify2'
[4.876s] DEBUG:colcon.colcon_core.event_reactor:joined thread
[4.909s] INFO:colcon.colcon_core.shell:Creating prefix script '/home/florin/ros2_ws2/install/local_setup.ps1'
[4.911s] INFO:colcon.colcon_core.shell:Creating prefix util module '/home/florin/ros2_ws2/install/_local_setup_util_ps1.py'
[4.913s] INFO:colcon.colcon_core.shell:Creating prefix chain script '/home/florin/ros2_ws2/install/setup.ps1'
[4.943s] INFO:colcon.colcon_core.shell:Creating prefix script '/home/florin/ros2_ws2/install/local_setup.sh'
[4.944s] INFO:colcon.colcon_core.shell:Creating prefix util module '/home/florin/ros2_ws2/install/_local_setup_util_sh.py'
[4.945s] INFO:colcon.colcon_core.shell:Creating prefix chain script '/home/florin/ros2_ws2/install/setup.sh'
[4.979s] INFO:colcon.colcon_core.shell:Creating prefix script '/home/florin/ros2_ws2/install/local_setup.bash'
[4.980s] INFO:colcon.colcon_core.shell:Creating prefix chain script '/home/florin/ros2_ws2/install/setup.bash'
[5.029s] INFO:colcon.colcon_core.shell:Creating prefix script '/home/florin/ros2_ws2/install/local_setup.zsh'
[5.030s] INFO:colcon.colcon_core.shell:Creating prefix chain script '/home/florin/ros2_ws2/install/setup.zsh'
