running develop
running egg_info
creating pkg_1.egg-info
writing pkg_1.egg-info/PKG-INFO
writing dependency_links to pkg_1.egg-info/dependency_links.txt
writing entry points to pkg_1.egg-info/entry_points.txt
writing requirements to pkg_1.egg-info/requires.txt
writing top-level names to pkg_1.egg-info/top_level.txt
writing manifest file 'pkg_1.egg-info/SOURCES.txt'
reading manifest file 'pkg_1.egg-info/SOURCES.txt'
writing manifest file 'pkg_1.egg-info/SOURCES.txt'
running build_ext
Creating /home/florin/ros2_ws2/install/pkg_1/lib/python3.10/site-packages/pkg-1.egg-link (link to .)

Installed /home/florin/ros2_ws2/build/pkg_1
running install_data
creating /home/florin/ros2_ws2/install/pkg_1/share/ament_index
creating /home/florin/ros2_ws2/install/pkg_1/share/ament_index/resource_index
creating /home/florin/ros2_ws2/install/pkg_1/share/ament_index/resource_index/packages
copying resource/pkg_1 -> /home/florin/ros2_ws2/install/pkg_1/share/ament_index/resource_index/packages
copying package.xml -> /home/florin/ros2_ws2/install/pkg_1/share/pkg_1
