[1.491s] Invoking command in '/home/florin/ros2_ws2/build/pkg_1': PYTHONPATH=/home/florin/ros2_ws2/build/pkg_1/prefix_override:/home/florin/ros2_ws2/install/pkg_1/lib/python3.10/site-packages:${PYTHONPATH} /usr/bin/python3 setup.py develop --editable --build-directory /home/florin/ros2_ws2/build/pkg_1/build --no-deps install_data
[1.928s] running develop
[1.929s] /usr/lib/python3/dist-packages/setuptools/command/easy_install.py:158: EasyInstallDeprecationWarning: easy_install command is deprecated. Use build and pip and other standards-based tools.
[1.929s]   warnings.warn(
[1.931s] /usr/lib/python3/dist-packages/setuptools/command/install.py:34: SetuptoolsDeprecationWarning: setup.py install is deprecated. Use build and pip and other standards-based tools.
[1.931s]   warnings.warn(
[2.256s] running egg_info
[2.256s] creating pkg_1.egg-info
[2.256s] writing pkg_1.egg-info/PKG-INFO
[2.257s] writing dependency_links to pkg_1.egg-info/dependency_links.txt
[2.257s] writing entry points to pkg_1.egg-info/entry_points.txt
[2.257s] writing requirements to pkg_1.egg-info/requires.txt
[2.257s] writing top-level names to pkg_1.egg-info/top_level.txt
[2.257s] writing manifest file 'pkg_1.egg-info/SOURCES.txt'
[2.260s] reading manifest file 'pkg_1.egg-info/SOURCES.txt'
[2.261s] writing manifest file 'pkg_1.egg-info/SOURCES.txt'
[2.263s] running build_ext
[2.263s] Creating /home/florin/ros2_ws2/install/pkg_1/lib/python3.10/site-packages/pkg-1.egg-link (link to .)
[2.264s] 
[2.265s] Installed /home/florin/ros2_ws2/build/pkg_1
[2.265s] running install_data
[2.265s] creating /home/florin/ros2_ws2/install/pkg_1/share/ament_index
[2.265s] creating /home/florin/ros2_ws2/install/pkg_1/share/ament_index/resource_index
[2.265s] creating /home/florin/ros2_ws2/install/pkg_1/share/ament_index/resource_index/packages
[2.265s] copying resource/pkg_1 -> /home/florin/ros2_ws2/install/pkg_1/share/ament_index/resource_index/packages
[2.266s] copying package.xml -> /home/florin/ros2_ws2/install/pkg_1/share/pkg_1
[2.302s] Invoked command in '/home/florin/ros2_ws2/build/pkg_1' returned '0': PYTHONPATH=/home/florin/ros2_ws2/build/pkg_1/prefix_override:/home/florin/ros2_ws2/install/pkg_1/lib/python3.10/site-packages:${PYTHONPATH} /usr/bin/python3 setup.py develop --editable --build-directory /home/florin/ros2_ws2/build/pkg_1/build --no-deps install_data
