[1.737s] DEBUG:colcon:Command line arguments: ['/usr/bin/colcon', 'build']
[1.737s] DEBUG:colcon:Parsed command line arguments: Namespace(log_base=None, log_level=None, verb_name='build', build_base='build', install_base='install', merge_install=False, symlink_install=False, test_result_base=None, continue_on_error=False, executor='parallel', parallel_workers=4, event_handlers=None, ignore_user_meta=False, metas=['./colcon.meta'], base_paths=['.'], packages_ignore=None, packages_ignore_regex=None, paths=None, packages_up_to=None, packages_up_to_regex=None, packages_above=None, packages_above_and_dependencies=None, packages_above_depth=None, packages_select_by_dep=None, packages_skip_by_dep=None, packages_skip_up_to=None, packages_select_build_failed=False, packages_skip_build_finished=False, packages_select_test_failures=False, packages_skip_test_passed=False, packages_select=None, packages_skip=None, packages_select_regex=None, packages_skip_regex=None, packages_start=None, packages_end=None, allow_overriding=[], cmake_args=None, cmake_target=None, cmake_target_skip_unavailable=False, cmake_clean_cache=False, cmake_clean_first=False, cmake_force_configure=False, ament_cmake_args=None, catkin_cmake_args=None, catkin_skip_building_tests=False, verb_parser=<colcon_defaults.argument_parser.defaults.DefaultArgumentsDecorator object at 0x7f505130da20>, verb_extension=<colcon_core.verb.build.BuildVerb object at 0x7f50518ecf40>, main=<bound method BuildVerb.main of <colcon_core.verb.build.BuildVerb object at 0x7f50518ecf40>>)
[1.813s] Level 1:colcon.colcon_core.package_discovery:discover_packages(colcon_meta) check parameters
[1.813s] Level 1:colcon.colcon_core.package_discovery:discover_packages(recursive) check parameters
[1.813s] Level 1:colcon.colcon_core.package_discovery:discover_packages(ignore) check parameters
[1.813s] Level 1:colcon.colcon_core.package_discovery:discover_packages(path) check parameters
[1.813s] Level 1:colcon.colcon_core.package_discovery:discover_packages(colcon_meta) discover
[1.813s] Level 1:colcon.colcon_core.package_discovery:discover_packages(recursive) discover
[1.813s] INFO:colcon.colcon_core.package_discovery:Crawling recursively for packages in '/home/florin/ros2_ws2'
[1.814s] Level 1:colcon.colcon_core.package_identification:_identify(.) by extensions ['ignore', 'ignore_ament_install']
[1.814s] Level 1:colcon.colcon_core.package_identification:_identify(.) by extension 'ignore'
[1.814s] Level 1:colcon.colcon_core.package_identification:_identify(.) by extension 'ignore_ament_install'
[1.814s] Level 1:colcon.colcon_core.package_identification:_identify(.) by extensions ['colcon_pkg']
[1.814s] Level 1:colcon.colcon_core.package_identification:_identify(.) by extension 'colcon_pkg'
[1.814s] Level 1:colcon.colcon_core.package_identification:_identify(.) by extensions ['colcon_meta']
[1.814s] Level 1:colcon.colcon_core.package_identification:_identify(.) by extension 'colcon_meta'
[1.814s] Level 1:colcon.colcon_core.package_identification:_identify(.) by extensions ['ros']
[1.814s] Level 1:colcon.colcon_core.package_identification:_identify(.) by extension 'ros'
[1.828s] Level 1:colcon.colcon_core.package_identification:_identify(.) by extensions ['cmake', 'python']
[1.828s] Level 1:colcon.colcon_core.package_identification:_identify(.) by extension 'cmake'
[1.828s] Level 1:colcon.colcon_core.package_identification:_identify(.) by extension 'python'
[1.828s] Level 1:colcon.colcon_core.package_identification:_identify(.) by extensions ['python_setup_py']
[1.828s] Level 1:colcon.colcon_core.package_identification:_identify(.) by extension 'python_setup_py'
[1.828s] Level 1:colcon.colcon_core.package_identification:_identify(build) by extensions ['ignore', 'ignore_ament_install']
[1.828s] Level 1:colcon.colcon_core.package_identification:_identify(build) by extension 'ignore'
[1.828s] Level 1:colcon.colcon_core.package_identification:_identify(build) ignored
[1.829s] Level 1:colcon.colcon_core.package_identification:_identify(install) by extensions ['ignore', 'ignore_ament_install']
[1.829s] Level 1:colcon.colcon_core.package_identification:_identify(install) by extension 'ignore'
[1.829s] Level 1:colcon.colcon_core.package_identification:_identify(install) ignored
[1.829s] Level 1:colcon.colcon_core.package_identification:_identify(log) by extensions ['ignore', 'ignore_ament_install']
[1.829s] Level 1:colcon.colcon_core.package_identification:_identify(log) by extension 'ignore'
[1.829s] Level 1:colcon.colcon_core.package_identification:_identify(log) ignored
[1.829s] Level 1:colcon.colcon_core.package_identification:_identify(src) by extensions ['ignore', 'ignore_ament_install']
[1.829s] Level 1:colcon.colcon_core.package_identification:_identify(src) by extension 'ignore'
[1.829s] Level 1:colcon.colcon_core.package_identification:_identify(src) by extension 'ignore_ament_install'
[1.829s] Level 1:colcon.colcon_core.package_identification:_identify(src) by extensions ['colcon_pkg']
[1.829s] Level 1:colcon.colcon_core.package_identification:_identify(src) by extension 'colcon_pkg'
[1.830s] Level 1:colcon.colcon_core.package_identification:_identify(src) by extensions ['colcon_meta']
[1.830s] Level 1:colcon.colcon_core.package_identification:_identify(src) by extension 'colcon_meta'
[1.830s] Level 1:colcon.colcon_core.package_identification:_identify(src) by extensions ['ros']
[1.830s] Level 1:colcon.colcon_core.package_identification:_identify(src) by extension 'ros'
[1.830s] Level 1:colcon.colcon_core.package_identification:_identify(src) by extensions ['cmake', 'python']
[1.830s] Level 1:colcon.colcon_core.package_identification:_identify(src) by extension 'cmake'
[1.830s] Level 1:colcon.colcon_core.package_identification:_identify(src) by extension 'python'
[1.830s] Level 1:colcon.colcon_core.package_identification:_identify(src) by extensions ['python_setup_py']
[1.830s] Level 1:colcon.colcon_core.package_identification:_identify(src) by extension 'python_setup_py'
[1.830s] Level 1:colcon.colcon_core.package_identification:_identify(src/pkg_1) by extensions ['ignore', 'ignore_ament_install']
[1.830s] Level 1:colcon.colcon_core.package_identification:_identify(src/pkg_1) by extension 'ignore'
[1.830s] Level 1:colcon.colcon_core.package_identification:_identify(src/pkg_1) by extension 'ignore_ament_install'
[1.830s] Level 1:colcon.colcon_core.package_identification:_identify(src/pkg_1) by extensions ['colcon_pkg']
[1.830s] Level 1:colcon.colcon_core.package_identification:_identify(src/pkg_1) by extension 'colcon_pkg'
[1.831s] Level 1:colcon.colcon_core.package_identification:_identify(src/pkg_1) by extensions ['colcon_meta']
[1.831s] Level 1:colcon.colcon_core.package_identification:_identify(src/pkg_1) by extension 'colcon_meta'
[1.831s] Level 1:colcon.colcon_core.package_identification:_identify(src/pkg_1) by extensions ['ros']
[1.831s] Level 1:colcon.colcon_core.package_identification:_identify(src/pkg_1) by extension 'ros'
[1.833s] DEBUG:colcon.colcon_core.package_identification:Package 'src/pkg_1' with type 'ros.ament_python' and name 'pkg_1'
[1.834s] Level 1:colcon.colcon_core.package_discovery:discover_packages(recursive) using defaults
[1.834s] Level 1:colcon.colcon_core.package_discovery:discover_packages(ignore) discover
[1.834s] Level 1:colcon.colcon_core.package_discovery:discover_packages(ignore) using defaults
[1.834s] Level 1:colcon.colcon_core.package_discovery:discover_packages(path) discover
[1.834s] Level 1:colcon.colcon_core.package_discovery:discover_packages(path) using defaults
[2.001s] Level 1:colcon.colcon_core.package_discovery:discover_packages(prefix_path) check parameters
[2.001s] Level 1:colcon.colcon_core.package_discovery:discover_packages(prefix_path) discover
[2.054s] DEBUG:colcon.colcon_installed_package_information.package_discovery:Found 1 installed packages in /home/florin/ros2_ws2/install
[2.081s] DEBUG:colcon.colcon_installed_package_information.package_discovery:Found 3 installed packages in /home/florin/my_ros2_ws/install
[2.108s] DEBUG:colcon.colcon_installed_package_information.package_discovery:Found 0 installed packages in /home/florin/my_ros2_ws/src/install
[2.135s] DEBUG:colcon.colcon_installed_package_information.package_discovery:Found 292 installed packages in /opt/ros/iron
[2.137s] Level 1:colcon.colcon_core.package_discovery:discover_packages(prefix_path) using defaults
[2.254s] Level 5:colcon.colcon_core.verb:set package 'pkg_1' build argument 'cmake_args' from command line to 'None'
[2.254s] Level 5:colcon.colcon_core.verb:set package 'pkg_1' build argument 'cmake_target' from command line to 'None'
[2.254s] Level 5:colcon.colcon_core.verb:set package 'pkg_1' build argument 'cmake_target_skip_unavailable' from command line to 'False'
[2.254s] Level 5:colcon.colcon_core.verb:set package 'pkg_1' build argument 'cmake_clean_cache' from command line to 'False'
[2.254s] Level 5:colcon.colcon_core.verb:set package 'pkg_1' build argument 'cmake_clean_first' from command line to 'False'
[2.254s] Level 5:colcon.colcon_core.verb:set package 'pkg_1' build argument 'cmake_force_configure' from command line to 'False'
[2.254s] Level 5:colcon.colcon_core.verb:set package 'pkg_1' build argument 'ament_cmake_args' from command line to 'None'
[2.255s] Level 5:colcon.colcon_core.verb:set package 'pkg_1' build argument 'catkin_cmake_args' from command line to 'None'
[2.255s] Level 5:colcon.colcon_core.verb:set package 'pkg_1' build argument 'catkin_skip_building_tests' from command line to 'False'
[2.255s] DEBUG:colcon.colcon_core.verb:Building package 'pkg_1' with the following arguments: {'ament_cmake_args': None, 'build_base': '/home/florin/ros2_ws2/build/pkg_1', 'catkin_cmake_args': None, 'catkin_skip_building_tests': False, 'cmake_args': None, 'cmake_clean_cache': False, 'cmake_clean_first': False, 'cmake_force_configure': False, 'cmake_target': None, 'cmake_target_skip_unavailable': False, 'install_base': '/home/florin/ros2_ws2/install/pkg_1', 'merge_install': False, 'path': '/home/florin/ros2_ws2/src/pkg_1', 'symlink_install': False, 'test_result_base': None}
[2.281s] INFO:colcon.colcon_core.executor:Executing jobs using 'parallel' executor
[2.308s] DEBUG:colcon.colcon_parallel_executor.executor.parallel:run_until_complete
[2.309s] INFO:colcon.colcon_ros.task.ament_python.build:Building ROS package in '/home/florin/ros2_ws2/src/pkg_1' with build type 'ament_python'
[2.309s] Level 1:colcon.colcon_core.shell:create_environment_hook('pkg_1', 'ament_prefix_path')
[2.361s] INFO:colcon.colcon_core.plugin_system:Skipping extension 'colcon_core.shell.bat': Not used on non-Windows systems
[2.361s] INFO:colcon.colcon_core.shell:Creating environment hook '/home/florin/ros2_ws2/install/pkg_1/share/pkg_1/hook/ament_prefix_path.ps1'
[2.362s] INFO:colcon.colcon_core.shell:Creating environment descriptor '/home/florin/ros2_ws2/install/pkg_1/share/pkg_1/hook/ament_prefix_path.dsv'
[2.363s] INFO:colcon.colcon_core.shell:Creating environment hook '/home/florin/ros2_ws2/install/pkg_1/share/pkg_1/hook/ament_prefix_path.sh'
[2.399s] INFO:colcon.colcon_core.shell:Skip shell extension 'powershell' for command environment: Not usable outside of PowerShell
[2.399s] DEBUG:colcon.colcon_core.shell:Skip shell extension 'dsv' for command environment
[2.966s] INFO:colcon.colcon_core.task.python.build:Building Python package in '/home/florin/ros2_ws2/src/pkg_1'
[2.994s] INFO:colcon.colcon_core.shell:Skip shell extension 'powershell' for command environment: Not usable outside of PowerShell
[2.994s] DEBUG:colcon.colcon_core.shell:Skip shell extension 'dsv' for command environment
[3.704s] DEBUG:colcon.colcon_core.event_handler.log_command:Invoking command in '/home/florin/ros2_ws2/build/pkg_1': PYTHONPATH=/home/florin/ros2_ws2/build/pkg_1/prefix_override:/home/florin/ros2_ws2/install/pkg_1/lib/python3.10/site-packages:${PYTHONPATH} /usr/bin/python3 setup.py develop --uninstall --editable --build-directory /home/florin/ros2_ws2/build/pkg_1/build
[4.538s] DEBUG:colcon.colcon_core.event_handler.log_command:Invoked command in '/home/florin/ros2_ws2/build/pkg_1' returned '0': PYTHONPATH=/home/florin/ros2_ws2/build/pkg_1/prefix_override:/home/florin/ros2_ws2/install/pkg_1/lib/python3.10/site-packages:${PYTHONPATH} /usr/bin/python3 setup.py develop --uninstall --editable --build-directory /home/florin/ros2_ws2/build/pkg_1/build
[4.539s] DEBUG:colcon.colcon_core.event_handler.log_command:Invoking command in '/home/florin/ros2_ws2/src/pkg_1': PYTHONPATH=/home/florin/ros2_ws2/build/pkg_1/prefix_override:/home/florin/ros2_ws2/install/pkg_1/lib/python3.10/site-packages:${PYTHONPATH} /usr/bin/python3 setup.py egg_info --egg-base ../../build/pkg_1 build --build-base /home/florin/ros2_ws2/build/pkg_1/build install --record /home/florin/ros2_ws2/build/pkg_1/install.log --single-version-externally-managed
[5.088s] DEBUG:colcon.colcon_core.event_handler.log_command:Invoked command in '/home/florin/ros2_ws2/src/pkg_1' returned '0': PYTHONPATH=/home/florin/ros2_ws2/build/pkg_1/prefix_override:/home/florin/ros2_ws2/install/pkg_1/lib/python3.10/site-packages:${PYTHONPATH} /usr/bin/python3 setup.py egg_info --egg-base ../../build/pkg_1 build --build-base /home/florin/ros2_ws2/build/pkg_1/build install --record /home/florin/ros2_ws2/build/pkg_1/install.log --single-version-externally-managed
[5.116s] Level 1:colcon.colcon_core.environment:checking '/home/florin/ros2_ws2/install/pkg_1' for CMake module files
[5.117s] Level 1:colcon.colcon_core.environment:checking '/home/florin/ros2_ws2/install/pkg_1' for CMake config files
[5.118s] Level 1:colcon.colcon_core.environment:checking '/home/florin/ros2_ws2/install/pkg_1/lib'
[5.118s] Level 1:colcon.colcon_core.environment:checking '/home/florin/ros2_ws2/install/pkg_1/bin'
[5.118s] Level 1:colcon.colcon_core.environment:checking '/home/florin/ros2_ws2/install/pkg_1/lib/pkgconfig/pkg_1.pc'
[5.118s] Level 1:colcon.colcon_core.environment:checking '/home/florin/ros2_ws2/install/pkg_1/lib/python3.10/site-packages'
[5.119s] Level 1:colcon.colcon_core.shell:create_environment_hook('pkg_1', 'pythonpath')
[5.151s] INFO:colcon.colcon_core.shell:Creating environment hook '/home/florin/ros2_ws2/install/pkg_1/share/pkg_1/hook/pythonpath.ps1'
[5.151s] INFO:colcon.colcon_core.shell:Creating environment descriptor '/home/florin/ros2_ws2/install/pkg_1/share/pkg_1/hook/pythonpath.dsv'
[5.152s] INFO:colcon.colcon_core.shell:Creating environment hook '/home/florin/ros2_ws2/install/pkg_1/share/pkg_1/hook/pythonpath.sh'
[5.153s] Level 1:colcon.colcon_core.environment:checking '/home/florin/ros2_ws2/install/pkg_1/bin'
[5.153s] Level 1:colcon.colcon_core.environment:create_environment_scripts_only(pkg_1)
[5.180s] INFO:colcon.colcon_core.shell:Creating package script '/home/florin/ros2_ws2/install/pkg_1/share/pkg_1/package.ps1'
[5.181s] INFO:colcon.colcon_core.shell:Creating package descriptor '/home/florin/ros2_ws2/install/pkg_1/share/pkg_1/package.dsv'
[5.182s] INFO:colcon.colcon_core.shell:Creating package script '/home/florin/ros2_ws2/install/pkg_1/share/pkg_1/package.sh'
[5.183s] INFO:colcon.colcon_core.shell:Creating package script '/home/florin/ros2_ws2/install/pkg_1/share/pkg_1/package.bash'
[5.184s] INFO:colcon.colcon_core.shell:Creating package script '/home/florin/ros2_ws2/install/pkg_1/share/pkg_1/package.zsh'
[5.184s] Level 1:colcon.colcon_core.environment:create_file_with_runtime_dependencies(/home/florin/ros2_ws2/install/pkg_1/share/colcon-core/packages/pkg_1)
[5.185s] DEBUG:colcon.colcon_parallel_executor.executor.parallel:closing loop
[5.185s] DEBUG:colcon.colcon_parallel_executor.executor.parallel:loop closed
[5.185s] DEBUG:colcon.colcon_parallel_executor.executor.parallel:run_until_complete finished with '0'
[5.185s] DEBUG:colcon.colcon_core.event_reactor:joining thread
[5.226s] INFO:colcon.colcon_core.plugin_system:Skipping extension 'colcon_notification.desktop_notification.terminal_notifier': Not used on non-Darwin systems
[5.226s] INFO:colcon.colcon_core.plugin_system:Skipping extension 'colcon_notification.desktop_notification.win32': Not used on non-Windows systems
[5.226s] INFO:colcon.colcon_notification.desktop_notification:Sending desktop notification using 'notify2'
[5.243s] DEBUG:colcon.colcon_core.event_reactor:joined thread
[5.275s] INFO:colcon.colcon_core.shell:Creating prefix script '/home/florin/ros2_ws2/install/local_setup.ps1'
[5.276s] INFO:colcon.colcon_core.shell:Creating prefix util module '/home/florin/ros2_ws2/install/_local_setup_util_ps1.py'
[5.277s] INFO:colcon.colcon_core.shell:Creating prefix chain script '/home/florin/ros2_ws2/install/setup.ps1'
[5.309s] INFO:colcon.colcon_core.shell:Creating prefix script '/home/florin/ros2_ws2/install/local_setup.sh'
[5.310s] INFO:colcon.colcon_core.shell:Creating prefix util module '/home/florin/ros2_ws2/install/_local_setup_util_sh.py'
[5.311s] INFO:colcon.colcon_core.shell:Creating prefix chain script '/home/florin/ros2_ws2/install/setup.sh'
[5.351s] INFO:colcon.colcon_core.shell:Creating prefix script '/home/florin/ros2_ws2/install/local_setup.bash'
[5.352s] INFO:colcon.colcon_core.shell:Creating prefix chain script '/home/florin/ros2_ws2/install/setup.bash'
[5.401s] INFO:colcon.colcon_core.shell:Creating prefix script '/home/florin/ros2_ws2/install/local_setup.zsh'
[5.402s] INFO:colcon.colcon_core.shell:Creating prefix chain script '/home/florin/ros2_ws2/install/setup.zsh'
